Connection ...
OK
Looking for the first row not treated ...
OK, 259 rows already treated
Error with id : 2296673737
Row 2 treated
Row 3 treated
Row 4 treated
Row 5 treated
Row 6 treated
Row 7 treated
Row 8 treated
Row 9 treated
Row 10 treated
Row 11 treated
Row 12 treated
Row 13 treated
Row 14 treated
Row 15 treated
Row 16 treated
Switching account ...
OK
Row 17 treated
Row 18 treated
Row 19 treated
Row 20 treated
Row 21 treated
Row 22 treated
Row 23 treated
Row 24 treated
Row 25 treated
Row 26 treated
Row 27 treated
Row 28 treated
Row 29 treated
Switching account ...
OK
Row 30 treated
Row 31 treated
Row 32 treated
Row 33 treated
Row 34 treated
Row 35 treated
Row 36 treated
Row 37 treated
Row 38 treated
Row 39 treated
Row 40 treated
Row 41 treated
Row 42 treated
Row 43 treated
Row 44 treated
Switching account ...
OK
Row 45 treated
Row 46 treated
Row 47 treated
Row 48 treated
Row 49 treated
Row 50 treated
Row 51 treated
Row 52 treated
Row 53 treated
Row 54 treated
Row 55 treated
Row 56 treated
Row 57 treated
Row 58 treated
Limit excedeed and all accounts have been used, quitting ...
Connection ...
OK
Looking for the first row not treated ...
OK, 259 rows already treated
Switching account ...
OK
Switching account ...
OK
Switching account ...
OK
Limit excedeed and all accounts have been used, quitting ...
Connection ...
OK
Looking for the first row not treated ...
OK, 259 rows already treated
Switching account ...
OK
Switching account ...
OK
Switching account ...
OK
Limit excedeed and all accounts have been used, quitting ...
Connection ...
OK
Looking for the first row not treated ...
OK, 259 rows already treated
Error with id : 2296673737
Row 2 treated
Row 3 treated
Row 4 treated
Row 5 treated
Row 6 treated
Row 7 treated
Row 8 treated
Row 9 treated
Row 10 treated
Row 11 treated
Row 12 treated
Row 13 treated
Switching account ...
OK
Row 14 treated
Row 15 treated
Row 16 treated
Row 17 treated
Row 18 treated
Row 19 treated
Row 20 treated
Row 21 treated
Row 22 treated
Row 23 treated
Row 24 treated
Row 25 treated
Row 26 treated
Row 27 treated
Switching account ...
OK
Row 28 treated
Row 29 treated
Row 30 treated
Row 31 treated
Row 32 treated
Row 33 treated
Row 34 treated
Row 35 treated
Row 36 treated
Row 37 treated
Row 38 treated
Row 39 treated
Row 40 treated
Switching account ...
OK
Row 41 treated
Row 42 treated
Row 43 treated
Row 44 treated
Row 45 treated
Row 46 treated
Row 47 treated
Row 48 treated
Row 49 treated
Row 50 treated
Row 51 treated
Row 52 treated
Row 53 treated
Row 54 treated
Row 55 treated
Limit excedeed and all accounts have been used, quitting ...
Connection ...
OK
Looking for the first row not treated ...
OK, 259 rows already treated
Error with id : 2296673737
Row 2 treated
Row 3 treated
Row 4 treated
Row 5 treated
Row 6 treated
Row 7 treated
Row 8 treated
Row 9 treated
Row 10 treated
Row 11 treated
Row 12 treated
Row 13 treated
Row 14 treated
Row 15 treated
Row 16 treated
Switching account ...
OK
Row 17 treated
Row 18 treated
Row 19 treated
Row 20 treated
Row 21 treated
Row 22 treated
Row 23 treated
Row 24 treated
Row 25 treated
Row 26 treated
Row 27 treated
Row 28 treated
Row 29 treated
Row 30 treated
Row 31 treated
Switching account ...
OK
Row 32 treated
Row 33 treated
Row 34 treated
Row 35 treated
Row 36 treated
Row 37 treated
Row 38 treated
Row 39 treated
Row 40 treated
Row 41 treated
Row 42 treated
Row 43 treated
Row 44 treated
Switching account ...
OK
Row 45 treated
Row 46 treated
Row 47 treated
Row 48 treated
Row 49 treated
Row 50 treated
Row 51 treated
Row 52 treated
Row 53 treated
Row 54 treated
Row 55 treated
Row 56 treated
Limit excedeed and all accounts have been used, quitting ...
Connection ...
OK
Looking for the first row not treated ...
OK, 259 rows already treated
Switching account ...
OK
Switching account ...
OK
Switching account ...
OK
Limit excedeed and all accounts have been used, quitting ...
Connection ...
OK
Looking for the first row not treated ...
OK, 259 rows already treated
Error with id : 2296673737
Row 2 treated
Row 3 treated
Row 4 treated
Row 5 treated
Row 6 treated
Row 7 treated
Row 8 treated
Row 9 treated
Row 10 treated
Row 11 treated
Row 12 treated
Row 13 treated
Row 14 treated
Row 15 treated
Switching account ...
OK
Row 16 treated
Row 17 treated
Row 18 treated
Row 19 treated
Row 20 treated
Row 21 treated
Row 22 treated
Row 23 treated
Row 24 treated
Row 25 treated
Row 26 treated
Row 27 treated
Row 28 treated
Row 29 treated
Row 30 treated
Switching account ...
OK
Row 31 treated
Row 32 treated
Row 33 treated
Row 34 treated
Row 35 treated
Row 36 treated
Row 37 treated
Row 38 treated
Row 39 treated
Row 40 treated
Row 41 treated
Row 42 treated
Row 43 treated
Row 44 treated
Switching account ...
OK
Row 45 treated
Row 46 treated
Row 47 treated
Row 48 treated
Row 49 treated
Row 50 treated
Row 51 treated
Row 52 treated
Row 53 treated
Row 54 treated
Row 55 treated
Row 56 treated
Row 57 treated
Limit excedeed and all accounts have been used, quitting ...
Connection ...
OK
Looking for the first row not treated ...
OK, 259 rows already treated
Error with id : 2296673737
Row 2 treated
Row 3 treated
Row 4 treated
Row 5 treated
Row 6 treated
Row 7 treated
Row 8 treated
Row 9 treated
Row 10 treated
Row 11 treated
Row 12 treated
Row 13 treated
Row 14 treated
Row 15 treated
Row 16 treated
Switching account ...
OK
Row 17 treated
Row 18 treated
Row 19 treated
Row 20 treated
Row 21 treated
Row 22 treated
Row 23 treated
Row 24 treated
Row 25 treated
Row 26 treated
Row 27 treated
Row 28 treated
Row 29 treated
Row 30 treated
Row 31 treated
Switching account ...
OK
Row 32 treated
Row 33 treated
Row 34 treated
Row 35 treated
Row 36 treated
Row 37 treated
Row 38 treated
Row 39 treated
Row 40 treated
Row 41 treated
Row 42 treated
Row 43 treated
Row 44 treated
Row 45 treated
Row 46 treated
Switching account ...
OK
Row 47 treated
Row 48 treated
Row 49 treated
Row 50 treated
Row 51 treated
Row 52 treated
Row 53 treated
Row 54 treated
Row 55 treated
Row 56 treated
Row 57 treated
Row 58 treated
Row 59 treated
Row 60 treated
Row 61 treated
Limit excedeed and all accounts have been used, quitting ...
Connection ...
OK
Looking for the first row not treated ...
OK, 259 rows already treated
Error with id : 2296673737
Row 2 treated
Row 3 treated
Row 4 treated
Row 5 treated
Row 6 treated
Row 7 treated
Row 8 treated
Row 9 treated
Row 10 treated
Row 11 treated
Row 12 treated
Row 13 treated
Switching account ...
OK
Row 14 treated
Row 15 treated
Row 16 treated
Row 17 treated
Row 18 treated
Row 19 treated
Row 20 treated
Row 21 treated
Row 22 treated
Row 23 treated
Row 24 treated
Row 25 treated
Row 26 treated
Row 27 treated
Row 28 treated
Switching account ...
OK
Row 29 treated
Row 30 treated
Row 31 treated
Row 32 treated
Row 33 treated
Row 34 treated
Row 35 treated
Row 36 treated
Row 37 treated
Row 38 treated
Row 39 treated
Row 40 treated
Row 41 treated
Switching account ...
OK
Row 42 treated
Row 43 treated
Row 44 treated
Row 45 treated
Row 46 treated
Row 47 treated
Row 48 treated
Row 49 treated
Row 50 treated
Row 51 treated
Row 52 treated
Row 53 treated
Row 54 treated
Row 55 treated
Limit excedeed and all accounts have been used, quitting ...
Connection ...
OK
Looking for the first row not treated ...
OK, 259 rows already treated
Switching account ...
OK
Switching account ...
OK
Switching account ...
OK
Limit excedeed and all accounts have been used, quitting ...
Connection ...
OK
Looking for the first row not treated ...
OK, 259 rows already treated
Error with id : 2296673737
Row 2 treated
Row 3 treated
Row 4 treated
Row 5 treated
Row 6 treated
Row 7 treated
Row 8 treated
Row 9 treated
Row 10 treated
Row 11 treated
Row 12 treated
Row 13 treated
Row 14 treated
Row 15 treated
Switching account ...
OK
Row 16 treated
Row 17 treated
Row 18 treated
Row 19 treated
Row 20 treated
Row 21 treated
Row 22 treated
Row 23 treated
Row 24 treated
Row 25 treated
Row 26 treated
Row 27 treated
Row 28 treated
Switching account ...
OK
Row 29 treated
Row 30 treated
Row 31 treated
Row 32 treated
Row 33 treated
Row 34 treated
Row 35 treated
Row 36 treated
Row 37 treated
Row 38 treated
Row 39 treated
Row 40 treated
Row 41 treated
Row 42 treated
Row 43 treated
Switching account ...
OK
Row 44 treated
Row 45 treated
Row 46 treated
Row 47 treated
Row 48 treated
Row 49 treated
Row 50 treated
Row 51 treated
Row 52 treated
Row 53 treated
Row 54 treated
Row 55 treated
Row 56 treated
Row 57 treated
Limit excedeed and all accounts have been used, quitting ...
Connection ...
OK
Looking for the first row not treated ...
OK, 259 rows already treated
Error with id : 2296673737
Row 2 treated
Row 3 treated
Row 4 treated
Row 5 treated
Row 6 treated
Row 7 treated
Row 8 treated
Row 9 treated
Row 10 treated
Row 11 treated
Row 12 treated
Row 13 treated
Row 14 treated
Switching account ...
OK
Row 15 treated
Row 16 treated
Row 17 treated
Row 18 treated
Row 19 treated
Row 20 treated
Row 21 treated
Row 22 treated
Row 23 treated
Row 24 treated
Row 25 treated
Row 26 treated
Row 27 treated
Row 28 treated
Switching account ...
OK
Row 29 treated
Row 30 treated
Row 31 treated
Row 32 treated
Row 33 treated
Row 34 treated
Row 35 treated
Row 36 treated
Row 37 treated
Row 38 treated
Row 39 treated
Row 40 treated
Row 41 treated
Row 42 treated
Switching account ...
OK
Row 43 treated
Row 44 treated
Row 45 treated
Row 46 treated
Row 47 treated
Row 48 treated
Row 49 treated
Row 50 treated
Row 51 treated
Row 52 treated
Row 53 treated
Limit excedeed and all accounts have been used, quitting ...
